<?xml version="1.0" ?>
<coverage version="7.6.10" timestamp="1736054763621" lines-valid="7" lines-covered="6" line-rate="0.8571" branches-valid="2" branches-covered="1" branch-rate="0.5" complexity="0">
	<!-- Generated by coverage.py: https://coverage.readthedocs.io/en/7.6.10 -->
	<!-- Based on https://raw.githubusercontent.com/cobertura/web/master/htdocs/xml/coverage-04.dtd -->
	<sources>
		<source>/home/sam-kan/Documents/GitHub/prusaslicer_server/src/main/python</source>
	</sources>
	<packages>
		<package name="." line-rate="0.8571" branch-rate="0.5" complexity="0">
			<classes>
				<class name="server.py" filename="server.py" complexity="0" line-rate="0.8571" branch-rate="0.5">
					<methods/>
					<lines>
						<line number="1" hits="1"/>
						<line number="3" hits="1"/>
						<line number="5" hits="1"/>
						<line number="6" hits="1"/>
						<line number="7" hits="1"/>
						<line number="9" hits="1" branch="true" condition-coverage="50% (1/2)" missing-branches="10"/>
						<line number="10" hits="0"/>
					</lines>
				</class>
			</classes>
		</package>
	</packages>
</coverage>
